2026-07-04 03:36:54,460 | INFO     | GwoPopulationAnalysis | Registered Optimizers: ['AGWO', 'BBGWO', 'EBGWO', 'GWO', 'IGWO_MS', 'MENGWO', 'MGWO', 'OBGWO', 'RWGWO', 'modGWO']
2026-07-04 03:36:54,462 | INFO     | GwoPopulationAnalysis | Registered Benchmarks: ['CEC2013', 'CEC2017', 'CEC2020', 'CEC2022']
2026-07-04 03:36:54,463 | INFO     | GwoPopulationAnalysis | Configuration: ExperimentConfig(name='default_campaign', benchmarks=1, optimizers=1, dims=[10], pops=1, runs=1, workers=0)
2026-07-04 03:36:54,463 | INFO     | GwoPopulationAnalysis | Config details: {
  "name": "default_campaign",
  "benchmarks": [
    "CEC2013"
  ],
  "optimizers": [
    "GWO"
  ],
  "dimensions": [
    10
  ],
  "population_sizes": [
    10
  ],
  "runs": 1,
  "max_fe_multiplier": 10000,
  "workers": 0,
  "max_retries": 0,
  "results_dir": "D:\\Intern_2026\\GwoPopulationAnalysis\\results",
  "logs_dir": "D:\\Intern_2026\\GwoPopulationAnalysis\\logs",
  "checkpoint_db": "D:\\Intern_2026\\GwoPopulationAnalysis\\checkpoint.db",
  "save_convergence": true,
  "overwrite": false
}
2026-07-04 03:36:54,544 | INFO     | GwoPopulationAnalysis | Environment: Max | 3.11.4 | git=c48da6d
2026-07-04 03:36:54,545 | INFO     | GwoPopulationAnalysis | Total experiments in grid: 28
2026-07-04 03:36:54,556 | INFO     | GwoPopulationAnalysis | Checkpoint DB: D:\Intern_2026\GwoPopulationAnalysis\checkpoint.db
2026-07-04 03:36:54,559 | INFO     | GwoPopulationAnalysis | Previously completed: 119
